<?xml version="1.0" encoding="UTF-8"?>
<testsuite xmlns:xsi="http://www.w3.org/2001/XMLSchema-instance" xsi:noNamespaceSchemaLocation="https://maven.apache.org/surefire/maven-surefire-plugin/xsd/surefire-test-report-3.0.xsd" version="3.0" name="com.Practice.user_service.service.userServiceImplTest" time="1.33" tests="8" errors="0" skipped="0" failures="0">
  <properties>
[...]
</properties>
  <testcase name="testUpdateUser_Success" classname="com.Practice.user_service.service.userServiceImplTest" time="1.168"/>
  <testcase name="testAddUser_Success" classname="com.Practice.user_service.service.userServiceImplTest" time="0.021"/>
  <testcase name="testUpdateUser_UserNotFound" classname="com.Practice.user_service.service.userServiceImplTest" time="0.015"/>
  <testcase name="testGetAllUsers_Success" classname="com.Practice.user_service.service.userServiceImplTest" time="0.023"/>
  <testcase name="testDeleteUser_UserNotFound" classname="com.Practice.user_service.service.userServiceImplTest" time="0.013"/>
  <testcase name="testAddUser_UserAlreadyExists" classname="com.Practice.user_service.service.userServiceImplTest" time="0.028"/>
  <testcase name="testGetUserById_Success" classname="com.Practice.user_service.service.userServiceImplTest" time="0.011"/>
  <testcase name="testGetUserById_UserNotFound" classname="com.Practice.user_service.service.userServiceImplTest" time="0.013"/>
</testsuite>